2022-12-09 19:09:54.602 [INFO ] [ab.event.ThingStatusInfoChangedEvent] - Thing 'zwave:serial_zstick:f8576f561d' changed from OFFLINE (BRIDGE_OFFLINE): Controller is offline to ONLINE
2022-12-09 19:09:54.611 [INFO ] [ab.event.ThingStatusInfoChangedEvent] - Thing 'zwave:device:f8576f561d:node6' changed from OFFLINE (BRIDGE_OFFLINE): Controller is offline to ONLINE
2022-12-09 19:09:54.612 [INFO ] [ab.event.ThingStatusInfoChangedEvent] - Thing 'zwave:device:f8576f561d:node5' changed from OFFLINE (BRIDGE_OFFLINE): Controller is offline to ONLINE
2022-12-09 19:09:54.614 [INFO ] [ab.event.ThingStatusInfoChangedEvent] - Thing 'zwave:device:f8576f561d:node3' changed from OFFLINE (BRIDGE_OFFLINE): Controller is offline to ONLINE
2022-12-09 19:09:54.614 [INFO ] [ab.event.ThingStatusInfoChangedEvent] - Thing 'zwave:device:f8576f561d:node4' changed from OFFLINE (BRIDGE_OFFLINE): Controller is offline to ONLINE
2022-12-09 19:09:54.615 [INFO ] [ab.event.ThingStatusInfoChangedEvent] - Thing 'zwave:device:f8576f561d:node7' changed from OFFLINE (BRIDGE_OFFLINE): Controller is offline to ONLINE
2022-12-09 19:09:59.404 [INFO ] [ab.event.ThingStatusInfoChangedEvent] - Thing 'zwave:device:f8576f561d:node5' changed from ONLINE to ONLINE: Node initialising: REQUEST_NIF
2022-12-09 19:09:59.414 [INFO ] [ab.event.ThingStatusInfoChangedEvent] - Thing 'zwave:device:f8576f561d:node4' changed from ONLINE to ONLINE: Node initialising: PING
2022-12-09 19:09:59.418 [INFO ] [ab.event.ThingStatusInfoChangedEvent] - Thing 'zwave:device:f8576f561d:node6' changed from ONLINE to ONLINE: Node initialising: PING
2022-12-09 19:10:08.939 [INFO ] [ab.event.ThingStatusInfoChangedEvent] - Thing 'zwave:device:f8576f561d:node3' changed from ONLINE to OFFLINE (COMMUNICATION_ERROR): Node is not communicating with controller
2022-12-09 19:10:18.333 [INFO ] [ab.event.ThingStatusInfoChangedEvent] - Thing 'zwave:device:f8576f561d:node7' changed from ONLINE to UNINITIALIZED
2022-12-09 19:10:18.353 [INFO ] [ab.event.ThingStatusInfoChangedEvent] - Thing 'zwave:device:f8576f561d:node7' changed from UNINITIALIZED to UNINITIALIZED (HANDLER_MISSING_ERROR)
2022-12-09 19:10:18.355 [INFO ] [ab.event.ThingStatusInfoChangedEvent] - Thing 'zwave:device:f8576f561d:node3' changed from OFFLINE (COMMUNICATION_ERROR): Node is not communicating with controller to UNINITIALIZED
2022-12-09 19:10:18.365 [INFO ] [ab.event.ThingStatusInfoChangedEvent] - Thing 'zwave:device:f8576f561d:node3' changed from UNINITIALIZED to UNINITIALIZED (HANDLER_MISSING_ERROR)
2022-12-09 19:10:18.368 [INFO ] [ab.event.ThingStatusInfoChangedEvent] - Thing 'zwave:device:f8576f561d:node5' changed from ONLINE: Node initialising: REQUEST_NIF to UNINITIALIZED
2022-12-09 19:10:18.379 [INFO ] [ab.event.ThingStatusInfoChangedEvent] - Thing 'zwave:device:f8576f561d:node5' changed from UNINITIALIZED to UNINITIALIZED (HANDLER_MISSING_ERROR)
2022-12-09 19:10:18.380 [INFO ] [ab.event.ThingStatusInfoChangedEvent] - Thing 'zwave:device:f8576f561d:node4' changed from ONLINE: Node initialising: PING to UNINITIALIZED
2022-12-09 19:10:18.393 [INFO ] [ab.event.ThingStatusInfoChangedEvent] - Thing 'zwave:device:f8576f561d:node4' changed from UNINITIALIZED to UNINITIALIZED (HANDLER_MISSING_ERROR)
2022-12-09 19:10:18.394 [INFO ] [ab.event.ThingStatusInfoChangedEvent] - Thing 'zwave:device:f8576f561d:node6' changed from ONLINE: Node initialising: PING to UNINITIALIZED
2022-12-09 19:10:18.407 [INFO ] [ab.event.ThingStatusInfoChangedEvent] - Thing 'zwave:device:f8576f561d:node6' changed from UNINITIALIZED to UNINITIALIZED (HANDLER_MISSING_ERROR)
2022-12-09 19:10:18.407 [INFO ] [ab.event.ThingStatusInfoChangedEvent] - Thing 'zwave:serial_zstick:f8576f561d' changed from ONLINE to UNINITIALIZED
2022-12-09 19:10:18.502 [INFO ] [ab.event.ThingStatusInfoChangedEvent] - Thing 'zwave:serial_zstick:f8576f561d' changed from UNINITIALIZED to UNINITIALIZED (HANDLER_MISSING_ERROR)
2022-12-09 19:10:18.722 [INFO ] [ab.event.ThingStatusInfoChangedEvent] - Thing 'http:url:da0315f572' changed from ONLINE to UNINITIALIZED
2022-12-09 19:10:18.728 [INFO ] [ab.event.ThingStatusInfoChangedEvent] - Thing 'http:url:da0315f572' changed from UNINITIALIZED to UNINITIALIZED (HANDLER_MISSING_ERROR)
2022-12-09 19:10:18.728 [INFO ] [ab.event.ThingStatusInfoChangedEvent] - Thing 'http:url:89c5736419' changed from ONLINE to UNINITIALIZED
2022-12-09 19:10:18.748 [INFO ] [ab.event.ThingStatusInfoChangedEvent] - Thing 'http:url:89c5736419' changed from UNINITIALIZED to UNINITIALIZED (HANDLER_MISSING_ERROR)
